{
  "/home/matthias/PhpstormProjects/P2-devops/frontend/src/app/shared/material.module.ts": {
    "path": "/home/matthias/PhpstormProjects/P2-devops/frontend/src/app/shared/material.module.ts",
    "statementMap": {
      "0": {
        "start": {
          "line": 30,
          "column": 24
        },
        "end": {
          "line": 30,
          "column": 517
        }
      },
      "1": {
        "start": {
          "line": 31,
          "column": 41
        },
        "end": {
          "line": 44,
          "column": 4
        }
      },
      "2": {
        "start": {
          "line": 33,
          "column": 18
        },
        "end": {
          "line": 35,
          "column": 5
        }
      },
      "3": {
        "start": {
          "line": 34,
          "column": 6
        },
        "end": {
          "line": 34,
          "column": 57
        }
      },
      "4": {
        "start": {
          "line": 36,
          "column": 31
        },
        "end": {
          "line": 38,
          "column": 6
        }
      },
      "5": {
        "start": {
          "line": 39,
          "column": 31
        },
        "end": {
          "line": 41,
          "column": 6
        }
      },
      "6": {
        "start": {
          "line": 43,
          "column": 2
        },
        "end": {
          "line": 43,
          "column": 24
        }
      },
      "7": {
        "start": {
          "line": 45,
          "column": 0
        },
        "end": {
          "line": 50,
          "column": 5
        }
      },
      "8": {
        "start": {
          "line": 46,
          "column": 2
        },
        "end": {
          "line": 49,
          "column": 5
        }
      }
    },
    "fnMap": {
      "0": {
        "name": "(anonymous_0)",
        "decl": {
          "start": {
            "line": 31,
            "column": 42
          },
          "end": {
            "line": 31,
            "column": 43
          }
        },
        "loc": {
          "start": {
            "line": 31,
            "column": 48
          },
          "end": {
            "line": 44,
            "column": 1
          }
        },
        "line": 31
      },
      "1": {
        "name": "MaterialModule_Factory",
        "decl": {
          "start": {
            "line": 33,
            "column": 27
          },
          "end": {
            "line": 33,
            "column": 49
          }
        },
        "loc": {
          "start": {
            "line": 33,
            "column": 69
          },
          "end": {
            "line": 35,
            "column": 5
          }
        },
        "line": 33
      },
      "2": {
        "name": "(anonymous_2)",
        "decl": {
          "start": {
            "line": 45,
            "column": 1
          },
          "end": {
            "line": 45,
            "column": 2
          }
        },
        "loc": {
          "start": {
            "line": 45,
            "column": 13
          },
          "end": {
            "line": 50,
            "column": 1
          }
        },
        "line": 45
      }
    },
    "branchMap": {
      "0": {
        "loc": {
          "start": {
            "line": 34,
            "column": 18
          },
          "end": {
            "line": 34,
            "column": 53
          }
        },
        "type": "binary-expr",
        "locations": [
          {
            "start": {
              "line": 34,
              "column": 18
            },
            "end": {
              "line": 34,
              "column": 35
            }
          },
          {
            "start": {
              "line": 34,
              "column": 39
            },
            "end": {
              "line": 34,
              "column": 53
            }
          }
        ],
        "line": 34
      },
      "1": {
        "loc": {
          "start": {
            "line": 46,
            "column": 2
          },
          "end": {
            "line": 49,
            "column": 4
          }
        },
        "type": "binary-expr",
        "locations": [
          {
            "start": {
              "line": 46,
              "column": 3
            },
            "end": {
              "line": 46,
              "column": 35
            }
          },
          {
            "start": {
              "line": 46,
              "column": 39
            },
            "end": {
              "line": 46,
              "column": 48
            }
          },
          {
            "start": {
              "line": 46,
              "column": 53
            },
            "end": {
              "line": 49,
              "column": 4
            }
          }
        ],
        "line": 46
      }
    },
    "s": {
      "0": 86,
      "1": 86,
      "2": 86,
      "3": 54,
      "4": 86,
      "5": 86,
      "6": 86,
      "7": 86,
      "8": 86
    },
    "f": {
      "0": 86,
      "1": 54,
      "2": 86
    },
    "b": {
      "0": [
        54,
        54
      ],
      "1": [
        86,
        0,
        86
      ]
    },
    "inputSourceMap": {
      "version": 3,
      "names": [
        "OverlayModule",
        "CdkTreeModule",
        "PortalModule",
        "MatAutocompleteModule",
        "MatButtonModule",
        "MatButtonToggleModule",
        "MatCardModule",
        "MatCheckboxModule",
        "MatChipsModule",
        "MatRippleModule",
        "MatDividerModule",
        "MatExpansionModule",
        "MatFormFieldModule",
        "MatIconModule",
        "MatInputModule",
        "MatListModule",
        "MatMenuModule",
        "MatPaginatorModule",
        "MatProgressSpinnerModule",
        "MatSelectModule",
        "MatSidenavModule",
        "MatSnackBarModule",
        "MatSortModule",
        "MatTableModule",
        "MatTabsModule",
        "MatToolbarModule",
        "MatTreeModule",
        "ReactiveFormsModule",
        "materialModules",
        "MaterialModule",
        "imports",
        "exports"
      ],
      "sources": [
        "/home/matthias/PhpstormProjects/P2-devops/frontend/src/app/shared/material.module.ts"
      ],
      "sourcesContent": [
        "import { NgModule } from '@angular/core';\nimport { OverlayModule } from '@angular/cdk/overlay';\nimport { CdkTreeModule } from '@angular/cdk/tree';\nimport { PortalModule } from '@angular/cdk/portal';\nimport { MatAutocompleteModule } from '@angular/material/autocomplete';\nimport { MatButtonModule } from '@angular/material/button';\nimport { MatButtonToggleModule } from '@angular/material/button-toggle';\nimport { MatCardModule } from '@angular/material/card';\nimport { MatCheckboxModule } from '@angular/material/checkbox';\nimport { MatChipsModule } from '@angular/material/chips';\nimport { MatRippleModule } from '@angular/material/core';\nimport { MatDividerModule } from '@angular/material/divider';\nimport { MatExpansionModule } from '@angular/material/expansion';\nimport { MatFormFieldModule } from '@angular/material/form-field';\nimport { MatIconModule } from '@angular/material/icon';\nimport { MatInputModule } from '@angular/material/input';\nimport { MatListModule } from '@angular/material/list';\nimport { MatMenuModule } from '@angular/material/menu';\nimport { MatPaginatorModule } from '@angular/material/paginator';\nimport { MatProgressSpinnerModule } from '@angular/material/progress-spinner';\nimport { MatSelectModule } from '@angular/material/select';\nimport { MatSidenavModule } from '@angular/material/sidenav';\nimport { MatSnackBarModule } from '@angular/material/snack-bar';\nimport { MatSortModule } from '@angular/material/sort';\nimport { MatTableModule } from '@angular/material/table';\nimport { MatTabsModule } from '@angular/material/tabs';\nimport { MatToolbarModule } from '@angular/material/toolbar';\nimport { MatTreeModule } from '@angular/material/tree';\nimport { ReactiveFormsModule } from '@angular/forms';\n\n\nconst materialModules = [\n  ReactiveFormsModule,\n  CdkTreeModule,\n  MatAutocompleteModule,\n  MatButtonModule,\n  MatCardModule,\n  MatCheckboxModule,\n  MatChipsModule,\n  MatDividerModule,\n  MatExpansionModule,\n  MatIconModule,\n  MatInputModule,\n  MatListModule,\n  MatMenuModule,\n  MatProgressSpinnerModule,\n  MatPaginatorModule,\n  MatRippleModule,\n  MatSelectModule,\n  MatSidenavModule,\n  MatSnackBarModule,\n  MatSortModule,\n  MatTableModule,\n  MatTabsModule,\n  MatToolbarModule,\n  MatFormFieldModule,\n  MatButtonToggleModule,\n  MatTreeModule,\n  OverlayModule,\n  PortalModule\n];\n\n@NgModule({\n  imports: [\n    ...materialModules\n  ],\n  exports: [\n    ...materialModules\n  ],\n})\nexport class MaterialModule { }\n"
      ],
      "mappings": "AACA,SAASA,aAAa,QAAQ,sBAAsB;AACpD,SAASC,aAAa,QAAQ,mBAAmB;AACjD,SAASC,YAAY,QAAQ,qBAAqB;AAClD,SAASC,qBAAqB,QAAQ,gCAAgC;AACtE,SAASC,eAAe,QAAQ,0BAA0B;AAC1D,SAASC,qBAAqB,QAAQ,iCAAiC;AACvE,SAASC,aAAa,QAAQ,wBAAwB;AACtD,SAASC,iBAAiB,QAAQ,4BAA4B;AAC9D,SAASC,cAAc,QAAQ,yBAAyB;AACxD,SAASC,eAAe,QAAQ,wBAAwB;AACxD,SAASC,gBAAgB,QAAQ,2BAA2B;AAC5D,SAASC,kBAAkB,QAAQ,6BAA6B;AAChE,SAASC,kBAAkB,QAAQ,8BAA8B;AACjE,SAASC,aAAa,QAAQ,wBAAwB;AACtD,SAASC,cAAc,QAAQ,yBAAyB;AACxD,SAASC,aAAa,QAAQ,wBAAwB;AACtD,SAASC,aAAa,QAAQ,wBAAwB;AACtD,SAASC,kBAAkB,QAAQ,6BAA6B;AAChE,SAASC,wBAAwB,QAAQ,oCAAoC;AAC7E,SAASC,eAAe,QAAQ,0BAA0B;AAC1D,SAASC,gBAAgB,QAAQ,2BAA2B;AAC5D,SAASC,iBAAiB,QAAQ,6BAA6B;AAC/D,SAASC,aAAa,QAAQ,wBAAwB;AACtD,SAASC,cAAc,QAAQ,yBAAyB;AACxD,SAASC,aAAa,QAAQ,wBAAwB;AACtD,SAASC,gBAAgB,QAAQ,2BAA2B;AAC5D,SAASC,aAAa,QAAQ,wBAAwB;AACtD,SAASC,mBAAmB,QAAQ,gBAAgB;;AAGpD,MAAMC,eAAe,GAAG,CACtBD,mBAAmB,EACnB1B,aAAa,EACbE,qBAAqB,EACrBC,eAAe,EACfE,aAAa,EACbC,iBAAiB,EACjBC,cAAc,EACdE,gBAAgB,EAChBC,kBAAkB,EAClBE,aAAa,EACbC,cAAc,EACdC,aAAa,EACbC,aAAa,EACbE,wBAAwB,EACxBD,kBAAkB,EAClBR,eAAe,EACfU,eAAe,EACfC,gBAAgB,EAChBC,iBAAiB,EACjBC,aAAa,EACbC,cAAc,EACdC,aAAa,EACbC,gBAAgB,EAChBb,kBAAkB,EAClBP,qBAAqB,EACrBqB,aAAa,EACb1B,aAAa,EACbE,YAAY,CACb;AAUD,WAAa2B,cAAc;EAArB,MAAOA,cAAc;;uCAAdA,cAAc;IAAA;;YAAdA;IAAc;;gBANpBD,eAAe,EAhCpBD,mBAAmB,EACnB1B,aAAa,EACbE,qBAAqB,EACrBC,eAAe,EACfE,aAAa,EACbC,iBAAiB,EACjBC,cAAc,EACdE,gBAAgB,EAChBC,kBAAkB,EAClBE,aAAa,EACbC,cAAc,EACdC,aAAa,EACbC,aAAa,EACbE,wBAAwB,EACxBD,kBAAkB,EAClBR,eAAe,EACfU,eAAe,EACfC,gBAAgB,EAChBC,iBAAiB,EACjBC,aAAa,EACbC,cAAc,EACdC,aAAa,EACbC,gBAAgB,EAChBb,kBAAkB,EAClBP,qBAAqB,EACrBqB,aAAa,EACb1B,aAAa,EACbE,YAAY;IAAA;;SAWD2B,cAAc;AAAA;;2EAAdA,cAAc;IAAAC,OAAA,GAtCzBH,mBAAmB,EACnB1B,aAAa,EACbE,qBAAqB,EACrBC,eAAe,EACfE,aAAa,EACbC,iBAAiB,EACjBC,cAAc,EACdE,gBAAgB,EAChBC,kBAAkB,EAClBE,aAAa,EACbC,cAAc,EACdC,aAAa,EACbC,aAAa,EACbE,wBAAwB,EACxBD,kBAAkB,EAClBR,eAAe,EACfU,eAAe,EACfC,gBAAgB,EAChBC,iBAAiB,EACjBC,aAAa,EACbC,cAAc,EACdC,aAAa,EACbC,gBAAgB,EAChBb,kBAAkB,EAClBP,qBAAqB,EACrBqB,aAAa,EACb1B,aAAa,EACbE,YAAY;IAAA6B,OAAA,GA3BZJ,mBAAmB,EACnB1B,aAAa,EACbE,qBAAqB,EACrBC,eAAe,EACfE,aAAa,EACbC,iBAAiB,EACjBC,cAAc,EACdE,gBAAgB,EAChBC,kBAAkB,EAClBE,aAAa,EACbC,cAAc,EACdC,aAAa,EACbC,aAAa,EACbE,wBAAwB,EACxBD,kBAAkB,EAClBR,eAAe,EACfU,eAAe,EACfC,gBAAgB,EAChBC,iBAAiB,EACjBC,aAAa,EACbC,cAAc,EACdC,aAAa,EACbC,gBAAgB,EAChBb,kBAAkB,EAClBP,qBAAqB,EACrBqB,aAAa,EACb1B,aAAa,EACbE,YAAY;EAAA;AAAA",
      "ignoreList": []
    },
    "_coverageSchema": "1a1c01bbd47fc00a2c39e90264f33305004495a9",
    "hash": "68d8518c1526886043df407dfae4703eb210c8ba"
  },
  "/home/matthias/PhpstormProjects/P2-devops/frontend/src/app/core/service/user.service.ts": {
    "path": "/home/matthias/PhpstormProjects/P2-devops/frontend/src/app/core/service/user.service.ts",
    "statementMap": {
      "0": {
        "start": {
          "line": 3,
          "column": 38
        },
        "end": {
          "line": 25,
          "column": 4
        }
      },
      "1": {
        "start": {
          "line": 7,
          "column": 6
        },
        "end": {
          "line": 7,
          "column": 35
        }
      },
      "2": {
        "start": {
          "line": 10,
          "column": 6
        },
        "end": {
          "line": 10,
          "column": 55
        }
      },
      "3": {
        "start": {
          "line": 13,
          "column": 6
        },
        "end": {
          "line": 13,
          "column": 58
        }
      },
      "4": {
        "start": {
          "line": 15,
          "column": 18
        },
        "end": {
          "line": 17,
          "column": 5
        }
      },
      "5": {
        "start": {
          "line": 16,
          "column": 6
        },
        "end": {
          "line": 16,
          "column": 80
        }
      },
      "6": {
        "start": {
          "line": 18,
          "column": 32
        },
        "end": {
          "line": 22,
          "column": 6
        }
      },
      "7": {
        "start": {
          "line": 24,
          "column": 2
        },
        "end": {
          "line": 24,
          "column": 21
        }
      }
    },
    "fnMap": {
      "0": {
        "name": "(anonymous_0)",
        "decl": {
          "start": {
            "line": 3,
            "column": 39
          },
          "end": {
            "line": 3,
            "column": 40
          }
        },
        "loc": {
          "start": {
            "line": 3,
            "column": 45
          },
          "end": {
            "line": 25,
            "column": 1
          }
        },
        "line": 3
      },
      "1": {
        "name": "(anonymous_1)",
        "decl": {
          "start": {
            "line": 6,
            "column": 4
          },
          "end": {
            "line": 6,
            "column": 5
          }
        },
        "loc": {
          "start": {
            "line": 6,
            "column": 28
          },
          "end": {
            "line": 8,
            "column": 5
          }
        },
        "line": 6
      },
      "2": {
        "name": "(anonymous_2)",
        "decl": {
          "start": {
            "line": 9,
            "column": 4
          },
          "end": {
            "line": 9,
            "column": 5
          }
        },
        "loc": {
          "start": {
            "line": 9,
            "column": 16
          },
          "end": {
            "line": 11,
            "column": 5
          }
        },
        "line": 9
      },
      "3": {
        "name": "(anonymous_3)",
        "decl": {
          "start": {
            "line": 12,
            "column": 4
          },
          "end": {
            "line": 12,
            "column": 5
          }
        },
        "loc": {
          "start": {
            "line": 12,
            "column": 19
          },
          "end": {
            "line": 14,
            "column": 5
          }
        },
        "line": 12
      },
      "4": {
        "name": "UserService_Factory",
        "decl": {
          "start": {
            "line": 15,
            "column": 27
          },
          "end": {
            "line": 15,
            "column": 46
          }
        },
        "loc": {
          "start": {
            "line": 15,
            "column": 66
          },
          "end": {
            "line": 17,
            "column": 5
          }
        },
        "line": 15
      }
    },
    "branchMap": {
      "0": {
        "loc": {
          "start": {
            "line": 16,
            "column": 18
          },
          "end": {
            "line": 16,
            "column": 50
          }
        },
        "type": "binary-expr",
        "locations": [
          {
            "start": {
              "line": 16,
              "column": 18
            },
            "end": {
              "line": 16,
              "column": 35
            }
          },
          {
            "start": {
              "line": 16,
              "column": 39
            },
            "end": {
              "line": 16,
              "column": 50
            }
          }
        ],
        "line": 16
      }
    },
    "s": {
      "0": 86,
      "1": 34,
      "2": 13,
      "3": 11,
      "4": 86,
      "5": 34,
      "6": 86,
      "7": 86
    },
    "f": {
      "0": 86,
      "1": 34,
      "2": 13,
      "3": 11,
      "4": 34
    },
    "b": {
      "0": [
        34,
        34
      ]
    },
    "inputSourceMap": {
      "version": 3,
      "names": [
        "UserService",
        "httpClient",
        "constructor",
        "login",
        "user",
        "post",
        "register",
        "i0",
        "ɵɵinject",
        "i1",
        "HttpClient",
        "factory",
        "ɵfac",
        "providedIn"
      ],
      "sources": [
        "/home/matthias/PhpstormProjects/P2-devops/frontend/src/app/core/service/user.service.ts"
      ],
      "sourcesContent": [
        "import { Injectable } from '@angular/core';\nimport { Register } from '../models/Register';\nimport {Login, LoginResponse} from '../models/Login';\nimport { HttpClient } from '@angular/common/http';\nimport { Observable } from 'rxjs';\n\n@Injectable({\n  providedIn: 'root'\n})\nexport class UserService {\n  constructor(private httpClient: HttpClient) { }\n\n  login(user: Login): Observable<LoginResponse> {\n    return this.httpClient.post<LoginResponse>('/auth/login', user);\n  }\n\n  register(user: Register): Observable<Object> {\n    return this.httpClient.post('/auth/register', user);\n  }\n}\n"
      ],
      "mappings": ";;AASA,WAAaA,WAAW;EAAlB,MAAOA,WAAW;IACFC,UAAA;IAApBC,YAAoBD,UAAsB;MAAtB,KAAAA,UAAU,GAAVA,UAAU;IAAgB;IAE9CE,KAAKA,CAACC,IAAW;MACf,OAAO,IAAI,CAACH,UAAU,CAACI,IAAI,CAAgB,aAAa,EAAED,IAAI,CAAC;IACjE;IAEAE,QAAQA,CAACF,IAAc;MACrB,OAAO,IAAI,CAACH,UAAU,CAACI,IAAI,CAAC,gBAAgB,EAAED,IAAI,CAAC;IACrD;;uCATWJ,WAAW,EAAAO,EAAA,CAAAC,QAAA,CAAAC,EAAA,CAAAC,UAAA;IAAA;;aAAXV,WAAW;MAAAW,OAAA,EAAXX,WAAW,CAAAY,IAAA;MAAAC,UAAA,EAFV;IAAM;;SAEPb,WAAW;AAAA",
      "ignoreList": []
    },
    "_coverageSchema": "1a1c01bbd47fc00a2c39e90264f33305004495a9",
    "hash": "a0a45b373abb59cb604f102885220b9613a51e82"
  },
  "/home/matthias/PhpstormProjects/P2-devops/frontend/src/app/core/service/auth.service.ts": {
    "path": "/home/matthias/PhpstormProjects/P2-devops/frontend/src/app/core/service/auth.service.ts",
    "statementMap": {
      "0": {
        "start": {
          "line": 5,
          "column": 38
        },
        "end": {
          "line": 47,
          "column": 4
        }
      },
      "1": {
        "start": {
          "line": 8,
          "column": 13
        },
        "end": {
          "line": 8,
          "column": 20
        }
      },
      "2": {
        "start": {
          "line": 9,
          "column": 24
        },
        "end": {
          "line": 9,
          "column": 50
        }
      },
      "3": {
        "start": {
          "line": 10,
          "column": 18
        },
        "end": {
          "line": 10,
          "column": 55
        }
      },
      "4": {
        "start": {
          "line": 12,
          "column": 6
        },
        "end": {
          "line": 12,
          "column": 23
        }
      },
      "5": {
        "start": {
          "line": 13,
          "column": 6
        },
        "end": {
          "line": 13,
          "column": 36
        }
      },
      "6": {
        "start": {
          "line": 16,
          "column": 20
        },
        "end": {
          "line": 16,
          "column": 49
        }
      },
      "7": {
        "start": {
          "line": 17,
          "column": 6
        },
        "end": {
          "line": 17,
          "column": 43
        }
      },
      "8": {
        "start": {
          "line": 20,
          "column": 6
        },
        "end": {
          "line": 20,
          "column": 46
        }
      },
      "9": {
        "start": {
          "line": 23,
          "column": 6
        },
        "end": {
          "line": 27,
          "column": 10
        }
      },
      "10": {
        "start": {
          "line": 26,
          "column": 8
        },
        "end": {
          "line": 26,
          "column": 46
        }
      },
      "11": {
        "start": {
          "line": 30,
          "column": 6
        },
        "end": {
          "line": 30,
          "column": 43
        }
      },
      "12": {
        "start": {
          "line": 31,
          "column": 6
        },
        "end": {
          "line": 31,
          "column": 34
        }
      },
      "13": {
        "start": {
          "line": 34,
          "column": 6
        },
        "end": {
          "line": 34,
          "column": 39
        }
      },
      "14": {
        "start": {
          "line": 35,
          "column": 6
        },
        "end": {
          "line": 35,
          "column": 35
        }
      },
      "15": {
        "start": {
          "line": 37,
          "column": 18
        },
        "end": {
          "line": 39,
          "column": 5
        }
      },
      "16": {
        "start": {
          "line": 38,
          "column": 6
        },
        "end": {
          "line": 38,
          "column": 80
        }
      },
      "17": {
        "start": {
          "line": 40,
          "column": 32
        },
        "end": {
          "line": 44,
          "column": 6
        }
      },
      "18": {
        "start": {
          "line": 46,
          "column": 2
        },
        "end": {
          "line": 46,
          "column": 21
        }
      }
    },
    "fnMap": {
      "0": {
        "name": "(anonymous_0)",
        "decl": {
          "start": {
            "line": 5,
            "column": 39
          },
          "end": {
            "line": 5,
            "column": 40
          }
        },
        "loc": {
          "start": {
            "line": 5,
            "column": 45
          },
          "end": {
            "line": 47,
            "column": 1
          }
        },
        "line": 5
      },
      "1": {
        "name": "(anonymous_1)",
        "decl": {
          "start": {
            "line": 11,
            "column": 4
          },
          "end": {
            "line": 11,
            "column": 5
          }
        },
        "loc": {
          "start": {
            "line": 11,
            "column": 22
          },
          "end": {
            "line": 14,
            "column": 5
          }
        },
        "line": 11
      },
      "2": {
        "name": "(anonymous_2)",
        "decl": {
          "start": {
            "line": 15,
            "column": 4
          },
          "end": {
            "line": 15,
            "column": 5
          }
        },
        "loc": {
          "start": {
            "line": 15,
            "column": 29
          },
          "end": {
            "line": 18,
            "column": 5
          }
        },
        "line": 15
      },
      "3": {
        "name": "(anonymous_3)",
        "decl": {
          "start": {
            "line": 19,
            "column": 4
          },
          "end": {
            "line": 19,
            "column": 5
          }
        },
        "loc": {
          "start": {
            "line": 19,
            "column": 33
          },
          "end": {
            "line": 21,
            "column": 5
          }
        },
        "line": 19
      },
      "4": {
        "name": "(anonymous_4)",
        "decl": {
          "start": {
            "line": 22,
            "column": 4
          },
          "end": {
            "line": 22,
            "column": 5
          }
        },
        "loc": {
          "start": {
            "line": 22,
            "column": 25
          },
          "end": {
            "line": 28,
            "column": 5
          }
        },
        "line": 22
      },
      "5": {
        "name": "(anonymous_5)",
        "decl": {
          "start": {
            "line": 25,
            "column": 18
          },
          "end": {
            "line": 25,
            "column": 19
          }
        },
        "loc": {
          "start": {
            "line": 25,
            "column": 30
          },
          "end": {
            "line": 27,
            "column": 7
          }
        },
        "line": 25
      },
      "6": {
        "name": "(anonymous_6)",
        "decl": {
          "start": {
            "line": 29,
            "column": 4
          },
          "end": {
            "line": 29,
            "column": 5
          }
        },
        "loc": {
          "start": {
            "line": 29,
            "column": 17
          },
          "end": {
            "line": 32,
            "column": 5
          }
        },
        "line": 29
      },
      "7": {
        "name": "(anonymous_7)",
        "decl": {
          "start": {
            "line": 33,
            "column": 4
          },
          "end": {
            "line": 33,
            "column": 5
          }
        },
        "loc": {
          "start": {
            "line": 33,
            "column": 17
          },
          "end": {
            "line": 36,
            "column": 5
          }
        },
        "line": 33
      },
      "8": {
        "name": "AuthService_Factory",
        "decl": {
          "start": {
            "line": 37,
            "column": 27
          },
          "end": {
            "line": 37,
            "column": 46
          }
        },
        "loc": {
          "start": {
            "line": 37,
            "column": 66
          },
          "end": {
            "line": 39,
            "column": 5
          }
        },
        "line": 37
      }
    },
    "branchMap": {
      "0": {
        "loc": {
          "start": {
            "line": 38,
            "column": 18
          },
          "end": {
            "line": 38,
            "column": 50
          }
        },
        "type": "binary-expr",
        "locations": [
          {
            "start": {
              "line": 38,
              "column": 18
            },
            "end": {
              "line": 38,
              "column": 35
            }
          },
          {
            "start": {
              "line": 38,
              "column": 39
            },
            "end": {
              "line": 38,
              "column": 50
            }
          }
        ],
        "line": 38
      }
    },
    "s": {
      "0": 86,
      "1": 86,
      "2": 86,
      "3": 86,
      "4": 86,
      "5": 86,
      "6": 86,
      "7": 86,
      "8": 86,
      "9": 68,
      "10": 65,
      "11": 13,
      "12": 13,
      "13": 5,
      "14": 5,
      "15": 86,
      "16": 86,
      "17": 86,
      "18": 86
    },
    "f": {
      "0": 86,
      "1": 86,
      "2": 86,
      "3": 86,
      "4": 68,
      "5": 65,
      "6": 13,
      "7": 5,
      "8": 86
    },
    "b": {
      "0": [
        86,
        86
      ]
    },
    "inputSourceMap": {
      "version": 3,
      "names": [
        "BehaviorSubject",
        "tap",
        "AuthService",
        "http",
        "apiUrl",
        "isLoggedInSubject",
        "isLoggedIn$",
        "asObservable",
        "constructor",
        "checkInitialLoginState",
        "token",
        "localStorage",
        "getItem",
        "next",
        "updateLoginState",
        "isLoggedIn",
        "validateToken",
        "post",
        "pipe",
        "response",
        "valid",
        "login",
        "setItem",
        "clearToken",
        "removeItem",
        "i0",
        "ɵɵinject",
        "i1",
        "HttpClient",
        "factory",
        "ɵfac",
        "providedIn"
      ],
      "sources": [
        "/home/matthias/PhpstormProjects/P2-devops/frontend/src/app/core/service/auth.service.ts"
      ],
      "sourcesContent": [
        "// src/app/services/auth.service.ts\nimport { Injectable } from '@angular/core';\nimport { HttpClient } from '@angular/common/http';\nimport { BehaviorSubject, Observable } from 'rxjs';\nimport { tap } from 'rxjs/operators';\n\n@Injectable({\n  providedIn: 'root'\n})\nexport class AuthService {\n  private apiUrl = '/auth';\n  private isLoggedInSubject = new BehaviorSubject<boolean>(false);\n  isLoggedIn$ = this.isLoggedInSubject.asObservable();\n\n  constructor(private http: HttpClient) {\n    this.checkInitialLoginState();\n  }\n\n  public checkInitialLoginState(): void {\n    const token = localStorage.getItem('token');\n    this.isLoggedInSubject.next(!!token);\n  }\n\n  public updateLoginState(isLoggedIn: boolean): void {\n    this.isLoggedInSubject.next(isLoggedIn);\n  }\n\n  public validateToken(token: string): Observable<{ valid: boolean }> {\n    return this.http.post<{ valid: boolean }>(`${this.apiUrl}/validate-token`, { token }).pipe(\n      tap((response) => {\n        this.updateLoginState(response.valid);\n      })\n    );\n  }\n\n  public login(token: string): void {\n    localStorage.setItem('token', token);\n    this.updateLoginState(true);\n  }\n\n  public clearToken(): void {\n    localStorage.removeItem('token');\n    this.updateLoginState(false);\n  }\n}\n"
      ],
      "mappings": "AAGA,SAASA,eAAe,QAAoB,MAAM;AAClD,SAASC,GAAG,QAAQ,gBAAgB;;;AAKpC,WAAaC,WAAW;EAAlB,MAAOA,WAAW;IAKFC,IAAA;IAJZC,MAAM,GAAG,OAAO;IAChBC,iBAAiB,GAAG,IAAIL,eAAe,CAAU,KAAK,CAAC;IAC/DM,WAAW,GAAG,IAAI,CAACD,iBAAiB,CAACE,YAAY,EAAE;IAEnDC,YAAoBL,IAAgB;MAAhB,KAAAA,IAAI,GAAJA,IAAI;MACtB,IAAI,CAACM,sBAAsB,EAAE;IAC/B;IAEOA,sBAAsBA,CAAA;MAC3B,MAAMC,KAAK,GAAGC,YAAY,CAACC,OAAO,CAAC,OAAO,CAAC;MAC3C,IAAI,CAACP,iBAAiB,CAACQ,IAAI,CAAC,CAAC,CAACH,KAAK,CAAC;IACtC;IAEOI,gBAAgBA,CAACC,UAAmB;MACzC,IAAI,CAACV,iBAAiB,CAACQ,IAAI,CAACE,UAAU,CAAC;IACzC;IAEOC,aAAaA,CAACN,KAAa;MAChC,OAAO,IAAI,CAACP,IAAI,CAACc,IAAI,CAAqB,GAAG,IAAI,CAACb,MAAM,iBAAiB,EAAE;QAAEM;MAAK,CAAE,CAAC,CAACQ,IAAI,CACxFjB,GAAG,CAAEkB,QAAQ,IAAI;QACf,IAAI,CAACL,gBAAgB,CAACK,QAAQ,CAACC,KAAK,CAAC;MACvC,CAAC,CAAC,CACH;IACH;IAEOC,KAAKA,CAACX,KAAa;MACxBC,YAAY,CAACW,OAAO,CAAC,OAAO,EAAEZ,KAAK,CAAC;MACpC,IAAI,CAACI,gBAAgB,CAAC,IAAI,CAAC;IAC7B;IAEOS,UAAUA,CAAA;MACfZ,YAAY,CAACa,UAAU,CAAC,OAAO,CAAC;MAChC,IAAI,CAACV,gBAAgB,CAAC,KAAK,CAAC;IAC9B;;uCAlCWZ,WAAW,EAAAuB,EAAA,CAAAC,QAAA,CAAAC,EAAA,CAAAC,UAAA;IAAA;;aAAX1B,WAAW;MAAA2B,OAAA,EAAX3B,WAAW,CAAA4B,IAAA;MAAAC,UAAA,EAFV;IAAM;;SAEP7B,WAAW;AAAA",
      "ignoreList": []
    },
    "_coverageSchema": "1a1c01bbd47fc00a2c39e90264f33305004495a9",
    "hash": "ac36b80283e4c49b1290061783349a6b3e960234"
  },
  "/home/matthias/PhpstormProjects/P2-devops/frontend/src/app/pages/register/register.component.ts": {
    "path": "/home/matthias/PhpstormProjects/P2-devops/frontend/src/app/pages/register/register.component.ts",
    "statementMap": {
      "0": {
        "start": {
          "line": 12,
          "column": 12
        },
        "end": {
          "line": 14,
          "column": 2
        }
      },
      "1": {
        "start": {
          "line": 12,
          "column": 19
        },
        "end": {
          "line": 14,
          "column": 1
        }
      },
      "2": {
        "start": {
          "line": 16,
          "column": 2
        },
        "end": {
          "line": 20,
          "column": 3
        }
      },
      "3": {
        "start": {
          "line": 17,
          "column": 4
        },
        "end": {
          "line": 17,
          "column": 32
        }
      },
      "4": {
        "start": {
          "line": 18,
          "column": 4
        },
        "end": {
          "line": 18,
          "column": 43
        }
      },
      "5": {
        "start": {
          "line": 19,
          "column": 4
        },
        "end": {
          "line": 19,
          "column": 22
        }
      },
      "6": {
        "start": {
          "line": 23,
          "column": 2
        },
        "end": {
          "line": 27,
          "column": 3
        }
      },
      "7": {
        "start": {
          "line": 24,
          "column": 4
        },
        "end": {
          "line": 24,
          "column": 35
        }
      },
      "8": {
        "start": {
          "line": 25,
          "column": 4
        },
        "end": {
          "line": 25,
          "column": 91
        }
      },
      "9": {
        "start": {
          "line": 26,
          "column": 4
        },
        "end": {
          "line": 26,
          "column": 22
        }
      },
      "10": {
        "start": {
          "line": 28,
          "column": 2
        },
        "end": {
          "line": 32,
          "column": 3
        }
      },
      "11": {
        "start": {
          "line": 29,
          "column": 19
        },
        "end": {
          "line": 29,
          "column": 37
        }
      },
      "12": {
        "start": {
          "line": 30,
          "column": 4
        },
        "end": {
          "line": 30,
          "column": 19
        }
      },
      "13": {
        "start": {
          "line": 31,
          "column": 4
        },
        "end": {
          "line": 31,
          "column": 126
        }
      },
      "14": {
        "start": {
          "line": 35,
          "column": 2
        },
        "end": {
          "line": 39,
          "column": 3
        }
      },
      "15": {
        "start": {
          "line": 36,
          "column": 4
        },
        "end": {
          "line": 36,
          "column": 32
        }
      },
      "16": {
        "start": {
          "line": 37,
          "column": 4
        },
        "end": {
          "line": 37,
          "column": 42
        }
      },
      "17": {
        "start": {
          "line": 38,
          "column": 4
        },
        "end": {
          "line": 38,
          "column": 22
        }
      },
      "18": {
        "start": {
          "line": 42,
          "column": 2
        },
        "end": {
          "line": 46,
          "column": 3
        }
      },
      "19": {
        "start": {
          "line": 43,
          "column": 4
        },
        "end": {
          "line": 43,
          "column": 35
        }
      },
      "20": {
        "start": {
          "line": 44,
          "column": 4
        },
        "end": {
          "line": 44,
          "column": 91
        }
      },
      "21": {
        "start": {
          "line": 45,
          "column": 4
        },
        "end": {
          "line": 45,
          "column": 22
        }
      },
      "22": {
        "start": {
          "line": 47,
          "column": 2
        },
        "end": {
          "line": 51,
          "column": 3
        }
      },
      "23": {
        "start": {
          "line": 48,
          "column": 19
        },
        "end": {
          "line": 48,
          "column": 37
        }
      },
      "24": {
        "start": {
          "line": 49,
          "column": 4
        },
        "end": {
          "line": 49,
          "column": 19
        }
      },
      "25": {
        "start": {
          "line": 50,
          "column": 4
        },
        "end": {
          "line": 50,
          "column": 124
        }
      },
      "26": {
        "start": {
          "line": 54,
          "column": 2
        },
        "end": {
          "line": 58,
          "column": 3
        }
      },
      "27": {
        "start": {
          "line": 55,
          "column": 4
        },
        "end": {
          "line": 55,
          "column": 32
        }
      },
      "28": {
        "start": {
          "line": 56,
          "column": 4
        },
        "end": {
          "line": 56,
          "column": 38
        }
      },
      "29": {
        "start": {
          "line": 57,
          "column": 4
        },
        "end": {
          "line": 57,
          "column": 22
        }
      },
      "30": {
        "start": {
          "line": 61,
          "column": 2
        },
        "end": {
          "line": 65,
          "column": 3
        }
      },
      "31": {
        "start": {
          "line": 62,
          "column": 4
        },
        "end": {
          "line": 62,
          "column": 35
        }
      },
      "32": {
        "start": {
          "line": 63,
          "column": 4
        },
        "end": {
          "line": 63,
          "column": 91
        }
      },
      "33": {
        "start": {
          "line": 64,
          "column": 4
        },
        "end": {
          "line": 64,
          "column": 22
        }
      },
      "34": {
        "start": {
          "line": 66,
          "column": 2
        },
        "end": {
          "line": 70,
          "column": 3
        }
      },
      "35": {
        "start": {
          "line": 67,
          "column": 19
        },
        "end": {
          "line": 67,
          "column": 37
        }
      },
      "36": {
        "start": {
          "line": 68,
          "column": 4
        },
        "end": {
          "line": 68,
          "column": 19
        }
      },
      "37": {
        "start": {
          "line": 69,
          "column": 4
        },
        "end": {
          "line": 69,
          "column": 118
        }
      },
      "38": {
        "start": {
          "line": 73,
          "column": 2
        },
        "end": {
          "line": 77,
          "column": 3
        }
      },
      "39": {
        "start": {
          "line": 74,
          "column": 4
        },
        "end": {
          "line": 74,
          "column": 32
        }
      },
      "40": {
        "start": {
          "line": 75,
          "column": 4
        },
        "end": {
          "line": 75,
          "column": 41
        }
      },
      "41": {
        "start": {
          "line": 76,
          "column": 4
        },
        "end": {
          "line": 76,
          "column": 22
        }
      },
      "42": {
        "start": {
          "line": 80,
          "column": 2
        },
        "end": {
          "line": 84,
          "column": 3
        }
      },
      "43": {
        "start": {
          "line": 81,
          "column": 4
        },
        "end": {
          "line": 81,
          "column": 35
        }
      },
      "44": {
        "start": {
          "line": 82,
          "column": 4
        },
        "end": {
          "line": 82,
          "column": 91
        }
      },
      "45": {
        "start": {
          "line": 83,
          "column": 4
        },
        "end": {
          "line": 83,
          "column": 22
        }
      },
      "46": {
        "start": {
          "line": 85,
          "column": 2
        },
        "end": {
          "line": 89,
          "column": 3
        }
      },
      "47": {
        "start": {
          "line": 86,
          "column": 19
        },
        "end": {
          "line": 86,
          "column": 37
        }
      },
      "48": {
        "start": {
          "line": 87,
          "column": 4
        },
        "end": {
          "line": 87,
          "column": 19
        }
      },
      "49": {
        "start": {
          "line": 88,
          "column": 4
        },
        "end": {
          "line": 88,
          "column": 124
        }
      },
      "50": {
        "start": {
          "line": 92,
          "column": 2
        },
        "end": {
          "line": 96,
          "column": 3
        }
      },
      "51": {
        "start": {
          "line": 93,
          "column": 4
        },
        "end": {
          "line": 93,
          "column": 33
        }
      },
      "52": {
        "start": {
          "line": 94,
          "column": 4
        },
        "end": {
          "line": 94,
          "column": 29
        }
      },
      "53": {
        "start": {
          "line": 95,
          "column": 4
        },
        "end": {
          "line": 95,
          "column": 22
        }
      },
      "54": {
        "start": {
          "line": 99,
          "column": 2
        },
        "end": {
          "line": 103,
          "column": 3
        }
      },
      "55": {
        "start": {
          "line": 100,
          "column": 4
        },
        "end": {
          "line": 100,
          "column": 33
        }
      },
      "56": {
        "start": {
          "line": 101,
          "column": 4
        },
        "end": {
          "line": 101,
          "column": 39
        }
      },
      "57": {
        "start": {
          "line": 102,
          "column": 4
        },
        "end": {
          "line": 102,
          "column": 22
        }
      },
      "58": {
        "start": {
          "line": 106,
          "column": 2
        },
        "end": {
          "line": 110,
          "column": 3
        }
      },
      "59": {
        "start": {
          "line": 107,
          "column": 4
        },
        "end": {
          "line": 107,
          "column": 36
        }
      },
      "60": {
        "start": {
          "line": 108,
          "column": 4
        },
        "end": {
          "line": 108,
          "column": 17
        }
      },
      "61": {
        "start": {
          "line": 109,
          "column": 4
        },
        "end": {
          "line": 109,
          "column": 22
        }
      },
      "62": {
        "start": {
          "line": 111,
          "column": 2
        },
        "end": {
          "line": 115,
          "column": 3
        }
      },
      "63": {
        "start": {
          "line": 112,
          "column": 19
        },
        "end": {
          "line": 112,
          "column": 37
        }
      },
      "64": {
        "start": {
          "line": 113,
          "column": 4
        },
        "end": {
          "line": 113,
          "column": 19
        }
      },
      "65": {
        "start": {
          "line": 114,
          "column": 4
        },
        "end": {
          "line": 114,
          "column": 57
        }
      },
      "66": {
        "start": {
          "line": 118,
          "column": 2
        },
        "end": {
          "line": 122,
          "column": 3
        }
      },
      "67": {
        "start": {
          "line": 119,
          "column": 4
        },
        "end": {
          "line": 119,
          "column": 36
        }
      },
      "68": {
        "start": {
          "line": 120,
          "column": 4
        },
        "end": {
          "line": 120,
          "column": 17
        }
      },
      "69": {
        "start": {
          "line": 121,
          "column": 4
        },
        "end": {
          "line": 121,
          "column": 22
        }
      },
      "70": {
        "start": {
          "line": 123,
          "column": 2
        },
        "end": {
          "line": 127,
          "column": 3
        }
      },
      "71": {
        "start": {
          "line": 124,
          "column": 19
        },
        "end": {
          "line": 124,
          "column": 37
        }
      },
      "72": {
        "start": {
          "line": 125,
          "column": 4
        },
        "end": {
          "line": 125,
          "column": 19
        }
      },
      "73": {
        "start": {
          "line": 126,
          "column": 4
        },
        "end": {
          "line": 126,
          "column": 59
        }
      },
      "74": {
        "start": {
          "line": 129,
          "column": 44
        },
        "end": {
          "line": 296,
          "column": 4
        }
      },
      "75": {
        "start": {
          "line": 136,
          "column": 19
        },
        "end": {
          "line": 136,
          "column": 36
        }
      },
      "76": {
        "start": {
          "line": 137,
          "column": 16
        },
        "end": {
          "line": 137,
          "column": 21
        }
      },
      "77": {
        "start": {
          "line": 138,
          "column": 16
        },
        "end": {
          "line": 138,
          "column": 21
        }
      },
      "78": {
        "start": {
          "line": 139,
          "column": 19
        },
        "end": {
          "line": 139,
          "column": 23
        }
      },
      "79": {
        "start": {
          "line": 140,
          "column": 21
        },
        "end": {
          "line": 140,
          "column": 25
        }
      },
      "80": {
        "start": {
          "line": 141,
          "column": 17
        },
        "end": {
          "line": 141,
          "column": 22
        }
      },
      "81": {
        "start": {
          "line": 143,
          "column": 6
        },
        "end": {
          "line": 143,
          "column": 37
        }
      },
      "82": {
        "start": {
          "line": 144,
          "column": 6
        },
        "end": {
          "line": 144,
          "column": 27
        }
      },
      "83": {
        "start": {
          "line": 145,
          "column": 6
        },
        "end": {
          "line": 145,
          "column": 37
        }
      },
      "84": {
        "start": {
          "line": 146,
          "column": 6
        },
        "end": {
          "line": 146,
          "column": 35
        }
      },
      "85": {
        "start": {
          "line": 147,
          "column": 6
        },
        "end": {
          "line": 147,
          "column": 37
        }
      },
      "86": {
        "start": {
          "line": 150,
          "column": 6
        },
        "end": {
          "line": 155,
          "column": 9
        }
      },
      "87": {
        "start": {
          "line": 151,
          "column": 8
        },
        "end": {
          "line": 151,
          "column": 37
        }
      },
      "88": {
        "start": {
          "line": 152,
          "column": 8
        },
        "end": {
          "line": 154,
          "column": 9
        }
      },
      "89": {
        "start": {
          "line": 153,
          "column": 10
        },
        "end": {
          "line": 153,
          "column": 51
        }
      },
      "90": {
        "start": {
          "line": 156,
          "column": 6
        },
        "end": {
          "line": 161,
          "column": 9
        }
      },
      "91": {
        "start": {
          "line": 164,
          "column": 6
        },
        "end": {
          "line": 164,
          "column": 40
        }
      },
      "92": {
        "start": {
          "line": 167,
          "column": 6
        },
        "end": {
          "line": 167,
          "column": 28
        }
      },
      "93": {
        "start": {
          "line": 168,
          "column": 6
        },
        "end": {
          "line": 168,
          "column": 28
        }
      },
      "94": {
        "start": {
          "line": 169,
          "column": 6
        },
        "end": {
          "line": 172,
          "column": 7
        }
      },
      "95": {
        "start": {
          "line": 170,
          "column": 8
        },
        "end": {
          "line": 170,
          "column": 31
        }
      },
      "96": {
        "start": {
          "line": 171,
          "column": 8
        },
        "end": {
          "line": 171,
          "column": 15
        }
      },
      "97": {
        "start": {
          "line": 173,
          "column": 6
        },
        "end": {
          "line": 173,
          "column": 31
        }
      },
      "98": {
        "start": {
          "line": 174,
          "column": 6
        },
        "end": {
          "line": 174,
          "column": 33
        }
      },
      "99": {
        "start": {
          "line": 175,
          "column": 27
        },
        "end": {
          "line": 180,
          "column": 7
        }
      },
      "100": {
        "start": {
          "line": 181,
          "column": 6
        },
        "end": {
          "line": 190,
          "column": 9
        }
      },
      "101": {
        "start": {
          "line": 183,
          "column": 10
        },
        "end": {
          "line": 183,
          "column": 64
        }
      },
      "102": {
        "start": {
          "line": 184,
          "column": 10
        },
        "end": {
          "line": 184,
          "column": 33
        }
      },
      "103": {
        "start": {
          "line": 187,
          "column": 10
        },
        "end": {
          "line": 187,
          "column": 49
        }
      },
      "104": {
        "start": {
          "line": 188,
          "column": 10
        },
        "end": {
          "line": 188,
          "column": 33
        }
      },
      "105": {
        "start": {
          "line": 193,
          "column": 6
        },
        "end": {
          "line": 193,
          "column": 29
        }
      },
      "106": {
        "start": {
          "line": 194,
          "column": 6
        },
        "end": {
          "line": 194,
          "column": 32
        }
      },
      "107": {
        "start": {
          "line": 195,
          "column": 6
        },
        "end": {
          "line": 195,
          "column": 34
        }
      },
      "108": {
        "start": {
          "line": 198,
          "column": 6
        },
        "end": {
          "line": 198,
          "column": 34
        }
      },
      "109": {
        "start": {
          "line": 200,
          "column": 18
        },
        "end": {
          "line": 202,
          "column": 5
        }
      },
      "110": {
        "start": {
          "line": 201,
          "column": 6
        },
        "end": {
          "line": 201,
          "column": 242
        }
      },
      "111": {
        "start": {
          "line": 203,
          "column": 31
        },
        "end": {
          "line": 293,
          "column": 6
        }
      },
      "112": {
        "start": {
          "line": 210,
          "column": 8
        },
        "end": {
          "line": 259,
          "column": 9
        }
      },
      "113": {
        "start": {
          "line": 211,
          "column": 10
        },
        "end": {
          "line": 211,
          "column": 53
        }
      },
      "114": {
        "start": {
          "line": 212,
          "column": 10
        },
        "end": {
          "line": 212,
          "column": 44
        }
      },
      "115": {
        "start": {
          "line": 213,
          "column": 10
        },
        "end": {
          "line": 213,
          "column": 28
        }
      },
      "116": {
        "start": {
          "line": 214,
          "column": 10
        },
        "end": {
          "line": 214,
          "column": 55
        }
      },
      "117": {
        "start": {
          "line": 215,
          "column": 10
        },
        "end": {
          "line": 217,
          "column": 13
        }
      },
      "118": {
        "start": {
          "line": 216,
          "column": 12
        },
        "end": {
          "line": 216,
          "column": 34
        }
      },
      "119": {
        "start": {
          "line": 218,
          "column": 10
        },
        "end": {
          "line": 218,
          "column": 66
        }
      },
      "120": {
        "start": {
          "line": 219,
          "column": 10
        },
        "end": {
          "line": 219,
          "column": 37
        }
      },
      "121": {
        "start": {
          "line": 220,
          "column": 10
        },
        "end": {
          "line": 220,
          "column": 28
        }
      },
      "122": {
        "start": {
          "line": 221,
          "column": 10
        },
        "end": {
          "line": 221,
          "column": 38
        }
      },
      "123": {
        "start": {
          "line": 222,
          "column": 10
        },
        "end": {
          "line": 222,
          "column": 87
        }
      },
      "124": {
        "start": {
          "line": 223,
          "column": 10
        },
        "end": {
          "line": 223,
          "column": 28
        }
      },
      "125": {
        "start": {
          "line": 224,
          "column": 10
        },
        "end": {
          "line": 224,
          "column": 55
        }
      },
      "126": {
        "start": {
          "line": 225,
          "column": 10
        },
        "end": {
          "line": 225,
          "column": 37
        }
      },
      "127": {
        "start": {
          "line": 226,
          "column": 10
        },
        "end": {
          "line": 226,
          "column": 28
        }
      },
      "128": {
        "start": {
          "line": 227,
          "column": 10
        },
        "end": {
          "line": 227,
          "column": 39
        }
      },
      "129": {
        "start": {
          "line": 228,
          "column": 10
        },
        "end": {
          "line": 228,
          "column": 87
        }
      },
      "130": {
        "start": {
          "line": 229,
          "column": 10
        },
        "end": {
          "line": 229,
          "column": 30
        }
      },
      "131": {
        "start": {
          "line": 230,
          "column": 10
        },
        "end": {
          "line": 230,
          "column": 55
        }
      },
      "132": {
        "start": {
          "line": 231,
          "column": 10
        },
        "end": {
          "line": 231,
          "column": 33
        }
      },
      "133": {
        "start": {
          "line": 232,
          "column": 10
        },
        "end": {
          "line": 232,
          "column": 28
        }
      },
      "134": {
        "start": {
          "line": 233,
          "column": 10
        },
        "end": {
          "line": 233,
          "column": 40
        }
      },
      "135": {
        "start": {
          "line": 234,
          "column": 10
        },
        "end": {
          "line": 234,
          "column": 87
        }
      },
      "136": {
        "start": {
          "line": 235,
          "column": 10
        },
        "end": {
          "line": 235,
          "column": 28
        }
      },
      "137": {
        "start": {
          "line": 236,
          "column": 10
        },
        "end": {
          "line": 236,
          "column": 55
        }
      },
      "138": {
        "start": {
          "line": 237,
          "column": 10
        },
        "end": {
          "line": 237,
          "column": 36
        }
      },
      "139": {
        "start": {
          "line": 238,
          "column": 10
        },
        "end": {
          "line": 238,
          "column": 28
        }
      },
      "140": {
        "start": {
          "line": 239,
          "column": 10
        },
        "end": {
          "line": 239,
          "column": 40
        }
      },
      "141": {
        "start": {
          "line": 240,
          "column": 10
        },
        "end": {
          "line": 240,
          "column": 87
        }
      },
      "142": {
        "start": {
          "line": 241,
          "column": 10
        },
        "end": {
          "line": 241,
          "column": 28
        }
      },
      "143": {
        "start": {
          "line": 242,
          "column": 10
        },
        "end": {
          "line": 242,
          "column": 61
        }
      },
      "144": {
        "start": {
          "line": 243,
          "column": 10
        },
        "end": {
          "line": 243,
          "column": 140
        }
      },
      "145": {
        "start": {
          "line": 244,
          "column": 10
        },
        "end": {
          "line": 244,
          "column": 28
        }
      },
      "146": {
        "start": {
          "line": 245,
          "column": 10
        },
        "end": {
          "line": 245,
          "column": 46
        }
      },
      "147": {
        "start": {
          "line": 246,
          "column": 10
        },
        "end": {
          "line": 248,
          "column": 13
        }
      },
      "148": {
        "start": {
          "line": 247,
          "column": 12
        },
        "end": {
          "line": 247,
          "column": 33
        }
      },
      "149": {
        "start": {
          "line": 249,
          "column": 10
        },
        "end": {
          "line": 249,
          "column": 36
        }
      },
      "150": {
        "start": {
          "line": 250,
          "column": 10
        },
        "end": {
          "line": 250,
          "column": 30
        }
      },
      "151": {
        "start": {
          "line": 251,
          "column": 10
        },
        "end": {
          "line": 251,
          "column": 136
        }
      },
      "152": {
        "start": {
          "line": 252,
          "column": 10
        },
        "end": {
          "line": 252,
          "column": 28
        }
      },
      "153": {
        "start": {
          "line": 253,
          "column": 10
        },
        "end": {
          "line": 253,
          "column": 61
        }
      },
      "154": {
        "start": {
          "line": 254,
          "column": 10
        },
        "end": {
          "line": 256,
          "column": 13
        }
      },
      "155": {
        "start": {
          "line": 255,
          "column": 12
        },
        "end": {
          "line": 255,
          "column": 32
        }
      },
      "156": {
        "start": {
          "line": 257,
          "column": 10
        },
        "end": {
          "line": 257,
          "column": 35
        }
      },
      "157": {
        "start": {
          "line": 258,
          "column": 10
        },
        "end": {
          "line": 258,
          "column": 34
        }
      },
      "158": {
        "start": {
          "line": 260,
          "column": 8
        },
        "end": {
          "line": 289,
          "column": 9
        }
      },
      "159": {
        "start": {
          "line": 261,
          "column": 10
        },
        "end": {
          "line": 261,
          "column": 26
        }
      },
      "160": {
        "start": {
          "line": 262,
          "column": 10
        },
        "end": {
          "line": 262,
          "column": 55
        }
      },
      "161": {
        "start": {
          "line": 263,
          "column": 10
        },
        "end": {
          "line": 263,
          "column": 26
        }
      },
      "162": {
        "start": {
          "line": 264,
          "column": 10
        },
        "end": {
          "line": 264,
          "column": 111
        }
      },
      "163": {
        "start": {
          "line": 265,
          "column": 10
        },
        "end": {
          "line": 265,
          "column": 25
        }
      },
      "164": {
        "start": {
          "line": 266,
          "column": 10
        },
        "end": {
          "line": 266,
          "column": 84
        }
      },
      "165": {
        "start": {
          "line": 267,
          "column": 10
        },
        "end": {
          "line": 267,
          "column": 26
        }
      },
      "166": {
        "start": {
          "line": 268,
          "column": 10
        },
        "end": {
          "line": 268,
          "column": 110
        }
      },
      "167": {
        "start": {
          "line": 269,
          "column": 10
        },
        "end": {
          "line": 269,
          "column": 25
        }
      },
      "168": {
        "start": {
          "line": 270,
          "column": 10
        },
        "end": {
          "line": 270,
          "column": 83
        }
      },
      "169": {
        "start": {
          "line": 271,
          "column": 10
        },
        "end": {
          "line": 271,
          "column": 26
        }
      },
      "170": {
        "start": {
          "line": 272,
          "column": 10
        },
        "end": {
          "line": 272,
          "column": 107
        }
      },
      "171": {
        "start": {
          "line": 273,
          "column": 10
        },
        "end": {
          "line": 273,
          "column": 25
        }
      },
      "172": {
        "start": {
          "line": 274,
          "column": 10
        },
        "end": {
          "line": 274,
          "column": 80
        }
      },
      "173": {
        "start": {
          "line": 275,
          "column": 10
        },
        "end": {
          "line": 275,
          "column": 26
        }
      },
      "174": {
        "start": {
          "line": 276,
          "column": 10
        },
        "end": {
          "line": 276,
          "column": 110
        }
      },
      "175": {
        "start": {
          "line": 277,
          "column": 10
        },
        "end": {
          "line": 277,
          "column": 25
        }
      },
      "176": {
        "start": {
          "line": 278,
          "column": 10
        },
        "end": {
          "line": 278,
          "column": 83
        }
      },
      "177": {
        "start": {
          "line": 279,
          "column": 10
        },
        "end": {
          "line": 279,
          "column": 26
        }
      },
      "178": {
        "start": {
          "line": 280,
          "column": 10
        },
        "end": {
          "line": 280,
          "column": 79
        }
      },
      "179": {
        "start": {
          "line": 281,
          "column": 10
        },
        "end": {
          "line": 281,
          "column": 25
        }
      },
      "180": {
        "start": {
          "line": 282,
          "column": 10
        },
        "end": {
          "line": 282,
          "column": 48
        }
      },
      "181": {
        "start": {
          "line": 283,
          "column": 10
        },
        "end": {
          "line": 283,
          "column": 25
        }
      },
      "182": {
        "start": {
          "line": 284,
          "column": 10
        },
        "end": {
          "line": 284,
          "column": 47
        }
      },
      "183": {
        "start": {
          "line": 285,
          "column": 10
        },
        "end": {
          "line": 285,
          "column": 26
        }
      },
      "184": {
        "start": {
          "line": 286,
          "column": 10
        },
        "end": {
          "line": 286,
          "column": 50
        }
      },
      "185": {
        "start": {
          "line": 287,
          "column": 10
        },
        "end": {
          "line": 287,
          "column": 25
        }
      },
      "186": {
        "start": {
          "line": 288,
          "column": 10
        },
        "end": {
          "line": 288,
          "column": 52
        }
      },
      "187": {
        "start": {
          "line": 295,
          "column": 2
        },
        "end": {
          "line": 295,
          "column": 27
        }
      }
    },
    "fnMap": {
      "0": {
        "name": "(anonymous_0)",
        "decl": {
          "start": {
            "line": 12,
            "column": 12
          },
          "end": {
            "line": 12,
            "column": 13
          }
        },
        "loc": {
          "start": {
            "line": 12,
            "column": 19
          },
          "end": {
            "line": 14,
            "column": 1
          }
        },
        "line": 12
      },
      "1": {
        "name": "RegisterComponent_Conditional_10_Conditional_1_Template",
        "decl": {
          "start": {
            "line": 15,
            "column": 9
          },
          "end": {
            "line": 15,
            "column": 64
          }
        },
        "loc": {
          "start": {
            "line": 15,
            "column": 74
          },
          "end": {
            "line": 21,
            "column": 1
          }
        },
        "line": 15
      },
      "2": {
        "name": "RegisterComponent_Conditional_10_Template",
        "decl": {
          "start": {
            "line": 22,
            "column": 9
          },
          "end": {
            "line": 22,
            "column": 50
          }
        },
        "loc": {
          "start": {
            "line": 22,
            "column": 60
          },
          "end": {
            "line": 33,
            "column": 1
          }
        },
        "line": 22
      },
      "3": {
        "name": "RegisterComponent_Conditional_15_Conditional_1_Template",
        "decl": {
          "start": {
            "line": 34,
            "column": 9
          },
          "end": {
            "line": 34,
            "column": 64
          }
        },
        "loc": {
          "start": {
            "line": 34,
            "column": 74
          },
          "end": {
            "line": 40,
            "column": 1
          }
        },
        "line": 34
      },
      "4": {
        "name": "RegisterComponent_Conditional_15_Template",
        "decl": {
          "start": {
            "line": 41,
            "column": 9
          },
          "end": {
            "line": 41,
            "column": 50
          }
        },
        "loc": {
          "start": {
            "line": 41,
            "column": 60
          },
          "end": {
            "line": 52,
            "column": 1
          }
        },
        "line": 41
      },
      "5": {
        "name": "RegisterComponent_Conditional_20_Conditional_1_Template",
        "decl": {
          "start": {
            "line": 53,
            "column": 9
          },
          "end": {
            "line": 53,
            "column": 64
          }
        },
        "loc": {
          "start": {
            "line": 53,
            "column": 74
          },
          "end": {
            "line": 59,
            "column": 1
          }
        },
        "line": 53
      },
      "6": {
        "name": "RegisterComponent_Conditional_20_Template",
        "decl": {
          "start": {
            "line": 60,
            "column": 9
          },
          "end": {
            "line": 60,
            "column": 50
          }
        },
        "loc": {
          "start": {
            "line": 60,
            "column": 60
          },
          "end": {
            "line": 71,
            "column": 1
          }
        },
        "line": 60
      },
      "7": {
        "name": "RegisterComponent_Conditional_25_Conditional_1_Template",
        "decl": {
          "start": {
            "line": 72,
            "column": 9
          },
          "end": {
            "line": 72,
            "column": 64
          }
        },
        "loc": {
          "start": {
            "line": 72,
            "column": 74
          },
          "end": {
            "line": 78,
            "column": 1
          }
        },
        "line": 72
      },
      "8": {
        "name": "RegisterComponent_Conditional_25_Template",
        "decl": {
          "start": {
            "line": 79,
            "column": 9
          },
          "end": {
            "line": 79,
            "column": 50
          }
        },
        "loc": {
          "start": {
            "line": 79,
            "column": 60
          },
          "end": {
            "line": 90,
            "column": 1
          }
        },
        "line": 79
      },
      "9": {
        "name": "RegisterComponent_span_28_Template",
        "decl": {
          "start": {
            "line": 91,
            "column": 9
          },
          "end": {
            "line": 91,
            "column": 43
          }
        },
        "loc": {
          "start": {
            "line": 91,
            "column": 53
          },
          "end": {
            "line": 97,
            "column": 1
          }
        },
        "line": 91
      },
      "10": {
        "name": "RegisterComponent_span_29_Template",
        "decl": {
          "start": {
            "line": 98,
            "column": 9
          },
          "end": {
            "line": 98,
            "column": 43
          }
        },
        "loc": {
          "start": {
            "line": 98,
            "column": 53
          },
          "end": {
            "line": 104,
            "column": 1
          }
        },
        "line": 98
      },
      "11": {
        "name": "RegisterComponent_div_32_Template",
        "decl": {
          "start": {
            "line": 105,
            "column": 9
          },
          "end": {
            "line": 105,
            "column": 42
          }
        },
        "loc": {
          "start": {
            "line": 105,
            "column": 52
          },
          "end": {
            "line": 116,
            "column": 1
          }
        },
        "line": 105
      },
      "12": {
        "name": "RegisterComponent_div_33_Template",
        "decl": {
          "start": {
            "line": 117,
            "column": 9
          },
          "end": {
            "line": 117,
            "column": 42
          }
        },
        "loc": {
          "start": {
            "line": 117,
            "column": 52
          },
          "end": {
            "line": 128,
            "column": 1
          }
        },
        "line": 117
      },
      "13": {
        "name": "(anonymous_13)",
        "decl": {
          "start": {
            "line": 129,
            "column": 45
          },
          "end": {
            "line": 129,
            "column": 46
          }
        },
        "loc": {
          "start": {
            "line": 129,
            "column": 51
          },
          "end": {
            "line": 296,
            "column": 1
          }
        },
        "line": 129
      },
      "14": {
        "name": "(anonymous_14)",
        "decl": {
          "start": {
            "line": 142,
            "column": 4
          },
          "end": {
            "line": 142,
            "column": 5
          }
        },
        "loc": {
          "start": {
            "line": 142,
            "column": 75
          },
          "end": {
            "line": 148,
            "column": 5
          }
        },
        "line": 142
      },
      "15": {
        "name": "(anonymous_15)",
        "decl": {
          "start": {
            "line": 149,
            "column": 4
          },
          "end": {
            "line": 149,
            "column": 5
          }
        },
        "loc": {
          "start": {
            "line": 149,
            "column": 15
          },
          "end": {
            "line": 162,
            "column": 5
          }
        },
        "line": 149
      },
      "16": {
        "name": "(anonymous_16)",
        "decl": {
          "start": {
            "line": 150,
            "column": 45
          },
          "end": {
            "line": 150,
            "column": 46
          }
        },
        "loc": {
          "start": {
            "line": 150,
            "column": 59
          },
          "end": {
            "line": 155,
            "column": 7
          }
        },
        "line": 150
      },
      "17": {
        "name": "(anonymous_17)",
        "decl": {
          "start": {
            "line": 163,
            "column": 4
          },
          "end": {
            "line": 163,
            "column": 5
          }
        },
        "loc": {
          "start": {
            "line": 163,
            "column": 15
          },
          "end": {
            "line": 165,
            "column": 5
          }
        },
        "line": 163
      },
      "18": {
        "name": "(anonymous_18)",
        "decl": {
          "start": {
            "line": 166,
            "column": 4
          },
          "end": {
            "line": 166,
            "column": 5
          }
        },
        "loc": {
          "start": {
            "line": 166,
            "column": 15
          },
          "end": {
            "line": 191,
            "column": 5
          }
        },
        "line": 166
      },
      "19": {
        "name": "(anonymous_19)",
        "decl": {
          "start": {
            "line": 182,
            "column": 14
          },
          "end": {
            "line": 182,
            "column": 15
          }
        },
        "loc": {
          "start": {
            "line": 182,
            "column": 20
          },
          "end": {
            "line": 185,
            "column": 9
          }
        },
        "line": 182
      },
      "20": {
        "name": "(anonymous_20)",
        "decl": {
          "start": {
            "line": 186,
            "column": 15
          },
          "end": {
            "line": 186,
            "column": 16
          }
        },
        "loc": {
          "start": {
            "line": 186,
            "column": 22
          },
          "end": {
            "line": 189,
            "column": 9
          }
        },
        "line": 186
      },
      "21": {
        "name": "(anonymous_21)",
        "decl": {
          "start": {
            "line": 192,
            "column": 4
          },
          "end": {
            "line": 192,
            "column": 5
          }
        },
        "loc": {
          "start": {
            "line": 192,
            "column": 14
          },
          "end": {
            "line": 196,
            "column": 5
          }
        },
        "line": 192
      },
      "22": {
        "name": "(anonymous_22)",
        "decl": {
          "start": {
            "line": 197,
            "column": 4
          },
          "end": {
            "line": 197,
            "column": 5
          }
        },
        "loc": {
          "start": {
            "line": 197,
            "column": 13
          },
          "end": {
            "line": 199,
            "column": 5
          }
        },
        "line": 197
      },
      "23": {
        "name": "RegisterComponent_Factory",
        "decl": {
          "start": {
            "line": 200,
            "column": 27
          },
          "end": {
            "line": 200,
            "column": 52
          }
        },
        "loc": {
          "start": {
            "line": 200,
            "column": 72
          },
          "end": {
            "line": 202,
            "column": 5
          }
        },
        "line": 200
      },
      "24": {
        "name": "RegisterComponent_Template",
        "decl": {
          "start": {
            "line": 209,
            "column": 25
          },
          "end": {
            "line": 209,
            "column": 51
          }
        },
        "loc": {
          "start": {
            "line": 209,
            "column": 61
          },
          "end": {
            "line": 290,
            "column": 7
          }
        },
        "line": 209
      },
      "25": {
        "name": "RegisterComponent_Template_form_ngSubmit_4_listener",
        "decl": {
          "start": {
            "line": 215,
            "column": 45
          },
          "end": {
            "line": 215,
            "column": 96
          }
        },
        "loc": {
          "start": {
            "line": 215,
            "column": 99
          },
          "end": {
            "line": 217,
            "column": 11
          }
        },
        "line": 215
      },
      "26": {
        "name": "RegisterComponent_Template_button_click_30_listener",
        "decl": {
          "start": {
            "line": 246,
            "column": 42
          },
          "end": {
            "line": 246,
            "column": 93
          }
        },
        "loc": {
          "start": {
            "line": 246,
            "column": 96
          },
          "end": {
            "line": 248,
            "column": 11
          }
        },
        "line": 246
      },
      "27": {
        "name": "RegisterComponent_Template_button_click_35_listener",
        "decl": {
          "start": {
            "line": 254,
            "column": 42
          },
          "end": {
            "line": 254,
            "column": 93
          }
        },
        "loc": {
          "start": {
            "line": 254,
            "column": 96
          },
          "end": {
            "line": 256,
            "column": 11
          }
        },
        "line": 254
      }
    },
    "branchMap": {
      "0": {
        "loc": {
          "start": {
            "line": 16,
            "column": 2
          },
          "end": {
            "line": 20,
            "column": 3
          }
        },
        "type": "if",
        "locations": [
          {
            "start": {
              "line": 16,
              "column": 2
            },
            "end": {
              "line": 20,
              "column": 3
            }
          },
          {
            "start": {
              "line": 16,
              "column": 2
            },
            "end": {
              "line": 20,
              "column": 3
            }
          }
        ],
        "line": 16
      },
      "1": {
        "loc": {
          "start": {
            "line": 23,
            "column": 2
          },
          "end": {
            "line": 27,
            "column": 3
          }
        },
        "type": "if",
        "locations": [
          {
            "start": {
              "line": 23,
              "column": 2
            },
            "end": {
              "line": 27,
              "column": 3
            }
          },
          {
            "start": {
              "line": 23,
              "column": 2
            },
            "end": {
              "line": 27,
              "column": 3
            }
          }
        ],
        "line": 23
      },
      "2": {
        "loc": {
          "start": {
            "line": 28,
            "column": 2
          },
          "end": {
            "line": 32,
            "column": 3
          }
        },
        "type": "if",
        "locations": [
          {
            "start": {
              "line": 28,
              "column": 2
            },
            "end": {
              "line": 32,
              "column": 3
            }
          },
          {
            "start": {
              "line": 28,
              "column": 2
            },
            "end": {
              "line": 32,
              "column": 3
            }
          }
        ],
        "line": 28
      },
      "3": {
        "loc": {
          "start": {
            "line": 31,
            "column": 21
          },
          "end": {
            "line": 31,
            "column": 124
          }
        },
        "type": "cond-expr",
        "locations": [
          {
            "start": {
              "line": 31,
              "column": 118
            },
            "end": {
              "line": 31,
              "column": 119
            }
          },
          {
            "start": {
              "line": 31,
              "column": 122
            },
            "end": {
              "line": 31,
              "column": 124
            }
          }
        ],
        "line": 31
      },
      "4": {
        "loc": {
          "start": {
            "line": 31,
            "column": 22
          },
          "end": {
            "line": 31,
            "column": 114
          }
        },
        "type": "cond-expr",
        "locations": [
          {
            "start": {
              "line": 31,
              "column": 64
            },
            "end": {
              "line": 31,
              "column": 68
            }
          },
          {
            "start": {
              "line": 31,
              "column": 71
            },
            "end": {
              "line": 31,
              "column": 114
            }
          }
        ],
        "line": 31
      },
      "5": {
        "loc": {
          "start": {
            "line": 35,
            "column": 2
          },
          "end": {
            "line": 39,
            "column": 3
          }
        },
        "type": "if",
        "locations": [
          {
            "start": {
              "line": 35,
              "column": 2
            },
            "end": {
              "line": 39,
              "column": 3
            }
          },
          {
            "start": {
[...]
        "routes",
        "HTTP_INTERCEPTORS",
        "provideHttpClient",
        "withInterceptorsFromDi",
        "AuthInterceptor",
        "appConfig",
        "providers",
        "eventCoalescing",
        "provide",
        "useClass",
        "multi"
      ],
      "sources": [
        "/home/matthias/PhpstormProjects/P2-devops/frontend/src/app/app.config.ts"
      ],
      "sourcesContent": [
        "import { ApplicationConfig, provideZoneChangeDetection } from '@angular/core';\nimport { provideRouter } from '@angular/router';\n\nimport { routes } from './app.routes';\nimport {HTTP_INTERCEPTORS, provideHttpClient, withInterceptorsFromDi} from '@angular/common/http';\nimport {AuthInterceptor} from './core/interceptors/auth.interceptor';\n\nexport const appConfig: ApplicationConfig = {\n  providers: [\n    provideHttpClient(withInterceptorsFromDi()),\n    provideZoneChangeDetection({ eventCoalescing: true }),\n    provideRouter(routes),\n    { provide: HTTP_INTERCEPTORS, useClass: AuthInterceptor, multi: true }\n  ]\n};\n"
      ],
      "mappings": "AAAA,SAA4BA,0BAA0B,QAAQ,eAAe;AAC7E,SAASC,aAAa,QAAQ,iBAAiB;AAE/C,SAASC,MAAM,QAAQ,cAAc;AACrC,SAAQC,iBAAiB,EAAEC,iBAAiB,EAAEC,sBAAsB,QAAO,sBAAsB;AACjG,SAAQC,eAAe,QAAO,sCAAsC;AAEpE,OAAO,MAAMC,SAAS,GAAsB;EAC1CC,SAAS,EAAE,CACTJ,iBAAiB,CAACC,sBAAsB,EAAE,CAAC,EAC3CL,0BAA0B,CAAC;IAAES,eAAe,EAAE;EAAI,CAAE,CAAC,EACrDR,aAAa,CAACC,MAAM,CAAC,EACrB;IAAEQ,OAAO,EAAEP,iBAAiB;IAAEQ,QAAQ,EAAEL,eAAe;IAAEM,KAAK,EAAE;EAAI,CAAE;CAEzE",
      "ignoreList": []
    },
    "_coverageSchema": "1a1c01bbd47fc00a2c39e90264f33305004495a9",
    "hash": "2034cf0e6d198a8554449cb6c2b2303587a9f568"
  },
  "/home/matthias/PhpstormProjects/P2-devops/frontend/src/app/app.component.ts": {
    "path": "/home/matthias/PhpstormProjects/P2-devops/frontend/src/app/app.component.ts",
    "statementMap": {
      "0": {
        "start": {
          "line": 7,
          "column": 2
        },
        "end": {
          "line": 17,
          "column": 3
        }
      },
      "1": {
        "start": {
          "line": 8,
          "column": 16
        },
        "end": {
          "line": 8,
          "column": 37
        }
      },
      "2": {
        "start": {
          "line": 9,
          "column": 4
        },
        "end": {
          "line": 9,
          "column": 51
        }
      },
      "3": {
        "start": {
          "line": 10,
          "column": 4
        },
        "end": {
          "line": 14,
          "column": 7
        }
      },
      "4": {
        "start": {
          "line": 11,
          "column": 6
        },
        "end": {
          "line": 11,
          "column": 28
        }
      },
      "5": {
        "start": {
          "line": 12,
          "column": 21
        },
        "end": {
          "line": 12,
          "column": 39
        }
      },
      "6": {
        "start": {
          "line": 13,
          "column": 6
        },
        "end": {
          "line": 13,
          "column": 45
        }
      },
      "7": {
        "start": {
          "line": 15,
          "column": 4
        },
        "end": {
          "line": 15,
          "column": 28
        }
      },
      "8": {
        "start": {
          "line": 16,
          "column": 4
        },
        "end": {
          "line": 16,
          "column": 24
        }
      },
      "9": {
        "start": {
          "line": 19,
          "column": 39
        },
        "end": {
          "line": 61,
          "column": 4
        }
      },
      "10": {
        "start": {
          "line": 23,
          "column": 17
        },
        "end": {
          "line": 23,
          "column": 22
        }
      },
      "11": {
        "start": {
          "line": 25,
          "column": 6
        },
        "end": {
          "line": 25,
          "column": 27
        }
      },
      "12": {
        "start": {
          "line": 26,
          "column": 6
        },
        "end": {
          "line": 26,
          "column": 37
        }
      },
      "13": {
        "start": {
          "line": 28,
          "column": 12
        },
        "end": {
          "line": 28,
          "column": 31
        }
      },
      "14": {
        "start": {
          "line": 30,
          "column": 6
        },
        "end": {
          "line": 32,
          "column": 9
        }
      },
      "15": {
        "start": {
          "line": 31,
          "column": 8
        },
        "end": {
          "line": 31,
          "column": 37
        }
      },
      "16": {
        "start": {
          "line": 35,
          "column": 6
        },
        "end": {
          "line": 35,
          "column": 36
        }
      },
      "17": {
        "start": {
          "line": 36,
          "column": 6
        },
        "end": {
          "line": 36,
          "column": 34
        }
      },
      "18": {
        "start": {
          "line": 38,
          "column": 18
        },
        "end": {
          "line": 40,
          "column": 5
        }
      },
      "19": {
        "start": {
          "line": 39,
          "column": 6
        },
        "end": {
          "line": 39,
          "column": 124
        }
      },
      "20": {
        "start": {
          "line": 41,
          "column": 31
        },
        "end": {
          "line": 58,
          "column": 6
        }
      },
      "21": {
        "start": {
          "line": 48,
          "column": 8
        },
        "end": {
          "line": 51,
          "column": 9
        }
      },
      "22": {
        "start": {
          "line": 49,
          "column": 10
        },
        "end": {
          "line": 49,
          "column": 72
        }
      },
      "23": {
        "start": {
          "line": 50,
          "column": 10
        },
        "end": {
          "line": 50,
          "column": 43
        }
      },
      "24": {
        "start": {
          "line": 52,
          "column": 8
        },
        "end": {
          "line": 54,
          "column": 9
        }
      },
      "25": {
        "start": {
          "line": 53,
          "column": 10
        },
        "end": {
          "line": 53,
          "column": 48
        }
      },
      "26": {
        "start": {
          "line": 60,
          "column": 2
        },
        "end": {
          "line": 60,
          "column": 22
        }
      }
    },
    "fnMap": {
      "0": {
        "name": "AppComponent_div_0_Template",
        "decl": {
          "start": {
            "line": 6,
            "column": 9
          },
          "end": {
            "line": 6,
            "column": 36
          }
        },
        "loc": {
          "start": {
            "line": 6,
            "column": 46
          },
          "end": {
            "line": 18,
            "column": 1
          }
        },
        "line": 6
      },
      "1": {
        "name": "AppComponent_div_0_Template_button_click_1_listener",
        "decl": {
          "start": {
            "line": 10,
            "column": 36
          },
          "end": {
            "line": 10,
            "column": 87
          }
        },
        "loc": {
          "start": {
            "line": 10,
            "column": 90
          },
          "end": {
            "line": 14,
            "column": 5
          }
        },
        "line": 10
      },
      "2": {
        "name": "(anonymous_2)",
        "decl": {
          "start": {
            "line": 19,
            "column": 40
          },
          "end": {
            "line": 19,
            "column": 41
          }
        },
        "loc": {
          "start": {
            "line": 19,
            "column": 46
          },
          "end": {
            "line": 61,
            "column": 1
          }
        },
        "line": 19
      },
      "3": {
        "name": "(anonymous_3)",
        "decl": {
          "start": {
            "line": 24,
            "column": 4
          },
          "end": {
            "line": 24,
            "column": 5
          }
        },
        "loc": {
          "start": {
            "line": 24,
            "column": 37
          },
          "end": {
            "line": 27,
            "column": 5
          }
        },
        "line": 24
      },
      "4": {
        "name": "(anonymous_4)",
        "decl": {
          "start": {
            "line": 29,
            "column": 4
          },
          "end": {
            "line": 29,
            "column": 5
          }
        },
        "loc": {
          "start": {
            "line": 29,
            "column": 15
          },
          "end": {
            "line": 33,
            "column": 5
          }
        },
        "line": 29
      },
      "5": {
        "name": "(anonymous_5)",
        "decl": {
          "start": {
            "line": 30,
            "column": 45
          },
          "end": {
            "line": 30,
            "column": 46
          }
        },
        "loc": {
          "start": {
            "line": 30,
            "column": 59
          },
          "end": {
            "line": 32,
            "column": 7
          }
        },
        "line": 30
      },
      "6": {
        "name": "(anonymous_6)",
        "decl": {
          "start": {
            "line": 34,
            "column": 4
          },
          "end": {
            "line": 34,
            "column": 5
          }
        },
        "loc": {
          "start": {
            "line": 34,
            "column": 13
          },
          "end": {
            "line": 37,
            "column": 5
          }
        },
        "line": 34
      },
      "7": {
        "name": "AppComponent_Factory",
        "decl": {
          "start": {
            "line": 38,
            "column": 27
          },
          "end": {
            "line": 38,
            "column": 47
          }
        },
        "loc": {
          "start": {
            "line": 38,
            "column": 67
          },
          "end": {
            "line": 40,
            "column": 5
          }
        },
        "line": 38
      },
      "8": {
        "name": "AppComponent_Template",
        "decl": {
          "start": {
            "line": 47,
            "column": 25
          },
          "end": {
            "line": 47,
            "column": 46
          }
        },
        "loc": {
          "start": {
            "line": 47,
            "column": 56
          },
          "end": {
            "line": 55,
            "column": 7
          }
        },
        "line": 47
      }
    },
    "branchMap": {
      "0": {
        "loc": {
          "start": {
            "line": 7,
            "column": 2
          },
          "end": {
            "line": 17,
            "column": 3
          }
        },
        "type": "if",
        "locations": [
          {
            "start": {
              "line": 7,
              "column": 2
            },
            "end": {
              "line": 17,
              "column": 3
            }
          },
          {
            "start": {
              "line": 7,
              "column": 2
            },
            "end": {
              "line": 17,
              "column": 3
            }
          }
        ],
        "line": 7
      },
      "1": {
        "loc": {
          "start": {
            "line": 39,
            "column": 18
          },
          "end": {
            "line": 39,
            "column": 51
          }
        },
        "type": "binary-expr",
        "locations": [
          {
            "start": {
              "line": 39,
              "column": 18
            },
            "end": {
              "line": 39,
              "column": 35
            }
          },
          {
            "start": {
              "line": 39,
              "column": 39
            },
            "end": {
              "line": 39,
              "column": 51
            }
          }
        ],
        "line": 39
      },
      "2": {
        "loc": {
          "start": {
            "line": 48,
            "column": 8
          },
          "end": {
            "line": 51,
            "column": 9
          }
        },
        "type": "if",
        "locations": [
          {
            "start": {
              "line": 48,
              "column": 8
            },
            "end": {
              "line": 51,
              "column": 9
            }
          },
          {
            "start": {
              "line": 48,
              "column": 8
            },
            "end": {
              "line": 51,
              "column": 9
            }
          }
        ],
        "line": 48
      },
      "3": {
        "loc": {
          "start": {
            "line": 52,
            "column": 8
          },
          "end": {
            "line": 54,
            "column": 9
          }
        },
        "type": "if",
        "locations": [
          {
            "start": {
              "line": 52,
              "column": 8
            },
            "end": {
              "line": 54,
              "column": 9
            }
          },
          {
            "start": {
              "line": 52,
              "column": 8
            },
            "end": {
              "line": 54,
              "column": 9
            }
          }
        ],
        "line": 52
      }
    },
    "s": {
      "0": 1748,
      "1": 54,
      "2": 54,
      "3": 54,
      "4": 2,
      "5": 2,
      "6": 2,
      "7": 54,
      "8": 54,
      "9": 86,
      "10": 86,
      "11": 86,
      "12": 86,
      "13": 86,
      "14": 86,
      "15": 172,
      "16": 2,
      "17": 2,
      "18": 86,
      "19": 86,
      "20": 86,
      "21": 3348,
      "22": 86,
      "23": 86,
      "24": 3348,
      "25": 3262,
      "26": 86
    },
    "f": {
      "0": 1748,
      "1": 2,
      "2": 86,
      "3": 86,
      "4": 86,
      "5": 172,
      "6": 2,
      "7": 86,
      "8": 3348
    },
    "b": {
      "0": [
        54,
        1694
      ],
      "1": [
        86,
        86
      ],
      "2": [
        86,
        3262
      ],
      "3": [
        3262,
        86
      ]
    },
    "inputSourceMap": {
      "version": 3,
      "names": [
        "RouterOutlet",
        "NgIf",
        "i0",
        "ɵɵelementStart",
        "ɵɵlistener",
        "AppComponent_div_0_Template_button_click_1_listener",
        "ɵɵrestoreView",
        "_r1",
        "ctx_r1",
        "ɵɵnextContext",
        "ɵɵresetView",
        "logOut",
        "ɵɵtext",
        "ɵɵelementEnd",
        "AppComponent",
        "router",
        "authService",
        "isLoggedIn",
        "constructor",
        "title",
        "ngOnInit",
        "isLoggedIn$",
        "subscribe",
        "clearToken",
        "navigate",
        "ɵɵdirectiveInject",
        "i1",
        "Router",
        "i2",
        "AuthService",
        "selectors",
        "decls",
        "vars",
        "consts",
        "template",
        "AppComponent_Template",
        "rf",
        "ctx",
        "ɵɵtemplate",
        "AppComponent_div_0_Template",
        "ɵɵelement",
        "ɵɵproperty",
        "styles"
      ],
      "sources": [
        "/home/matthias/PhpstormProjects/P2-devops/frontend/src/app/app.component.ts",
        "/home/matthias/PhpstormProjects/P2-devops/frontend/src/app/app.component.html"
      ],
      "sourcesContent": [
        "import { Component } from '@angular/core';\nimport { RouterOutlet } from '@angular/router';\nimport {SidebarComponent} from './pages/sidebar/sidebar.component';\nimport {NgIf} from '@angular/common';\nimport { Router } from '@angular/router';\nimport {AuthService} from './core/service/auth.service';\n\n@Component({\n  selector: 'app-root',\n  templateUrl: './app.component.html',\n  imports: [\n    RouterOutlet,\n    NgIf\n  ],\n  styleUrl: './app.component.css'\n})\nexport class AppComponent {\n  isLoggedIn: boolean = false;\n\n  constructor(private router: Router, private authService: AuthService) {}\n\n  title = 'etudiant-frontend';\n\n  ngOnInit(): void {\n    this.authService.isLoggedIn$.subscribe((isLoggedIn: boolean) => {\n      this.isLoggedIn = isLoggedIn;\n    });\n  }\n\n  logOut(): void {\n    this.authService.clearToken();\n    this.router.navigate(['/']);\n  }\n}\n",
        "<div *ngIf=\"isLoggedIn\" style=\"padding: 10px; border-bottom: 1px solid; text-align: end\">\n  <button (click)=\"logOut()\" class=\"btn btn-warning\">Log out</button>\n</div>\n<router-outlet/>\n\n"
      ],
      "mappings": "AACA,SAASA,YAAY,QAAQ,iBAAiB;AAE9C,SAAQC,IAAI,QAAO,iBAAiB;;;;;;;ICFlCC,EADF,CAAAC,cAAA,aAAyF,gBACpC;IAA3CD,EAAA,CAAAE,UAAA,mBAAAC,oDAAA;MAAAH,EAAA,CAAAI,aAAA,CAAAC,GAAA;MAAA,MAAAC,MAAA,GAAAN,EAAA,CAAAO,aAAA;MAAA,OAAAP,EAAA,CAAAQ,WAAA,CAASF,MAAA,CAAAG,MAAA,EAAQ;IAAA,EAAC;IAAyBT,EAAA,CAAAU,MAAA,cAAO;IAC5DV,EAD4D,CAAAW,YAAA,EAAS,EAC/D;;;ADcN,WAAaC,YAAY;EAAnB,MAAOA,YAAY;IAGHC,MAAA;IAAwBC,WAAA;IAF5CC,UAAU,GAAY,KAAK;IAE3BC,YAAoBH,MAAc,EAAUC,WAAwB;MAAhD,KAAAD,MAAM,GAANA,MAAM;MAAkB,KAAAC,WAAW,GAAXA,WAAW;IAAgB;IAEvEG,KAAK,GAAG,mBAAmB;IAE3BC,QAAQA,CAAA;MACN,IAAI,CAACJ,WAAW,CAACK,WAAW,CAACC,SAAS,CAAEL,UAAmB,IAAI;QAC7D,IAAI,CAACA,UAAU,GAAGA,UAAU;MAC9B,CAAC,CAAC;IACJ;IAEAN,MAAMA,CAAA;MACJ,IAAI,CAACK,WAAW,CAACO,UAAU,EAAE;MAC7B,IAAI,CAACR,MAAM,CAACS,QAAQ,CAAC,CAAC,GAAG,CAAC,CAAC;IAC7B;;uCAhBWV,YAAY,EAAAZ,EAAA,CAAAuB,iBAAA,CAAAC,EAAA,CAAAC,MAAA,GAAAzB,EAAA,CAAAuB,iBAAA,CAAAG,EAAA,CAAAC,WAAA;IAAA;;YAAZf,YAAY;MAAAgB,SAAA;MAAAC,KAAA;MAAAC,IAAA;MAAAC,MAAA;MAAAC,QAAA,WAAAC,sBAAAC,EAAA,EAAAC,GAAA;QAAA,IAAAD,EAAA;UChBzBlC,EAAA,CAAAoC,UAAA,IAAAC,2BAAA,iBAAyF;UAGzFrC,EAAA,CAAAsC,SAAA,oBAAgB;;;UAHVtC,EAAA,CAAAuC,UAAA,SAAAJ,GAAA,CAAApB,UAAA,CAAgB;;;qBDWlBjB,YAAY,EACZC,IAAI;MAAAyC,MAAA;IAAA;;SAIK5B,YAAY;AAAA",
      "ignoreList": []
    },
    "_coverageSchema": "1a1c01bbd47fc00a2c39e90264f33305004495a9",
    "hash": "be3868516056b9d5b7e566cb5eb500d5c617d9eb"
  },
  "/home/matthias/PhpstormProjects/P2-devops/frontend/src/main.ts": {
    "path": "/home/matthias/PhpstormProjects/P2-devops/frontend/src/main.ts",
    "statementMap": {
      "0": {
        "start": {
          "line": 4,
          "column": 0
        },
        "end": {
          "line": 4,
          "column": 79
        }
      },
      "1": {
        "start": {
          "line": 4,
          "column": 59
        },
        "end": {
          "line": 4,
          "column": 77
        }
      }
    },
    "fnMap": {
      "0": {
        "name": "(anonymous_0)",
        "decl": {
          "start": {
            "line": 4,
            "column": 52
          },
          "end": {
            "line": 4,
            "column": 53
          }
        },
        "loc": {
          "start": {
            "line": 4,
            "column": 59
          },
          "end": {
            "line": 4,
            "column": 77
          }
        },
        "line": 4
      }
    },
    "branchMap": {},
    "s": {
      "0": 86,
      "1": 0
    },
    "f": {
      "0": 0
    },
    "b": {},
    "inputSourceMap": {
      "version": 3,
      "names": [
        "bootstrapApplication",
        "appConfig",
        "AppComponent",
        "catch",
        "err",
        "console",
        "error"
      ],
      "sources": [
        "/home/matthias/PhpstormProjects/P2-devops/frontend/src/main.ts"
      ],
      "sourcesContent": [
        "import { bootstrapApplication } from '@angular/platform-browser';\nimport { appConfig } from './app/app.config';\nimport { AppComponent } from './app/app.component';\n\nbootstrapApplication(AppComponent, appConfig)\n  .catch((err) => console.error(err));\n"
      ],
      "mappings": "AAAA,SAASA,oBAAoB,QAAQ,2BAA2B;AAChE,SAASC,SAAS,QAAQ,kBAAkB;AAC5C,SAASC,YAAY,QAAQ,qBAAqB;AAElDF,oBAAoB,CAACE,YAAY,EAAED,SAAS,CAAC,CAC1CE,KAAK,CAAEC,GAAG,IAAKC,OAAO,CAACC,KAAK,CAACF,GAAG,CAAC,CAAC",
      "ignoreList": []
    },
    "_coverageSchema": "1a1c01bbd47fc00a2c39e90264f33305004495a9",
    "hash": "b58dbf329fd104fa158a9a104e39cbab15e4f4f7"
  }
}